2026-01-14 20:54:39.756 -03:00 [INF] ----------------- Logging Initialized -----------------
2026-01-14 20:54:39.870 -03:00 [INF] Global exception handlers registered.
2026-01-14 20:54:40.623 -03:00 [INF] Application startup sequence complete.
2026-01-14 20:54:42.467 -03:00 [INF] SetDllDirectory successfully set to: D:\SteamLibrary\steamapps\common\Live Wallpaper\FFmpeg
2026-01-14 20:54:42.752 -03:00 [INF] No command line arguments provided. Window will be shown by default.
2026-01-14 20:54:44.550 -03:00 [INF] 从本地数据初始化失败,尝试从在线数据初始化. 超时时间:40000
2026-01-14 20:54:47.169 -03:00 [INF] 下载壁纸资源 720p 开始 Quarto Subaquático fb33524b-f407-4ba1-923b-816fea968056
2026-01-14 20:54:47.170 -03:00 [INF] 下载壁纸资源 720p 开始 Estilo Escolar Rosa 5b450dfb-c925-4e89-a534-87d5f2857132
2026-01-14 20:54:47.170 -03:00 [INF] 下载壁纸资源 720p 开始 Cabana De Névoa Do Riacho Na Floresta b49621af-e1dd-4a49-9e82-d69335b0b1fe
2026-01-14 20:54:47.170 -03:00 [INF] 下载壁纸资源 720p 开始 Loja De Conveniência À Beira-Mar 06c232ec-2870-4a64-9c11-f88e53161f25
2026-01-14 20:54:47.171 -03:00 [INF] 下载壁纸资源 720p 开始 Fascinante F7AAC15A-D6A1-42EF-A17A-5AA357E0913F
2026-01-14 20:54:47.374 -03:00 [INF] 下载壁纸资源 720p 完成 Estilo Escolar Rosa 5b450dfb-c925-4e89-a534-87d5f2857132
2026-01-14 20:54:47.468 -03:00 [INF] 下载壁纸资源 720p 完成 Loja De Conveniência À Beira-Mar 06c232ec-2870-4a64-9c11-f88e53161f25
2026-01-14 20:54:47.497 -03:00 [INF] 下载壁纸资源 720p 完成 Quarto Subaquático fb33524b-f407-4ba1-923b-816fea968056
2026-01-14 20:54:47.629 -03:00 [INF] 下载壁纸资源 720p 完成 Cabana De Névoa Do Riacho Na Floresta b49621af-e1dd-4a49-9e82-d69335b0b1fe
2026-01-14 20:54:48.033 -03:00 [INF] 下载壁纸资源 720p 完成 Fascinante F7AAC15A-D6A1-42EF-A17A-5AA357E0913F
2026-01-14 20:55:05.423 -03:00 [INF] ApplyAsync 开始运行 source=ApplyWallpaperWithVipCheckAsync , Mundo Fora da Porta
2026-01-14 20:55:05.437 -03:00 [INF] 下载壁纸资源 1080P 开始 Mundo Fora da Porta c7a9494f-b1c2-4bbe-bc90-5f8c74d314b0
2026-01-14 20:55:05.744 -03:00 [INF] 下载壁纸资源 1080P 完成 Mundo Fora da Porta c7a9494f-b1c2-4bbe-bc90-5f8c74d314b0
2026-01-14 20:55:05.745 -03:00 [INF] ApplyAsync 壁纸已经下载完成. Mundo Fora da Porta
2026-01-14 20:55:05.785 -03:00 [INF] ApplyAsync ResumeWallpaper.
2026-01-14 20:55:57.595 -03:00 [INF] Application exiting...
