2026-01-15 20:13:25.715 -03:00 [INF] ----------------- Logging Initialized -----------------
2026-01-15 20:13:25.755 -03:00 [INF] Global exception handlers registered.
2026-01-15 20:13:26.439 -03:00 [INF] Application startup sequence complete.
2026-01-15 20:13:27.308 -03:00 [INF] SetDllDirectory successfully set to: D:\SteamLibrary\steamapps\common\Live Wallpaper\FFmpeg
2026-01-15 20:13:27.396 -03:00 [INF] No command line arguments provided. Window will be shown by default.
2026-01-15 20:13:27.882 -03:00 [INF] 从本地数据初始化失败,尝试从在线数据初始化. 超时时间:40000
2026-01-15 20:13:28.847 -03:00 [INF] 下载壁纸资源 720p 开始 Underwater Room fb33524b-f407-4ba1-923b-816fea968056
2026-01-15 20:13:28.853 -03:00 [INF] 下载壁纸资源 720p 完成 Underwater Room fb33524b-f407-4ba1-923b-816fea968056
2026-01-15 20:13:28.853 -03:00 [INF] 下载壁纸资源 720p 开始 Pink Campus Style 5b450dfb-c925-4e89-a534-87d5f2857132
2026-01-15 20:13:28.855 -03:00 [INF] 下载壁纸资源 720p 完成 Pink Campus Style 5b450dfb-c925-4e89-a534-87d5f2857132
2026-01-15 20:13:28.855 -03:00 [INF] 下载壁纸资源 720p 开始 Forest Stream Mist Cabin b49621af-e1dd-4a49-9e82-d69335b0b1fe
2026-01-15 20:13:28.865 -03:00 [INF] 下载壁纸资源 720p 完成 Forest Stream Mist Cabin b49621af-e1dd-4a49-9e82-d69335b0b1fe
2026-01-15 20:13:28.865 -03:00 [INF] 下载壁纸资源 720p 开始 Beach Convenience Store 06c232ec-2870-4a64-9c11-f88e53161f25
2026-01-15 20:13:28.869 -03:00 [INF] 下载壁纸资源 720p 完成 Beach Convenience Store 06c232ec-2870-4a64-9c11-f88e53161f25
2026-01-15 20:13:28.869 -03:00 [INF] 下载壁纸资源 720p 开始 Soul-stirring F7AAC15A-D6A1-42EF-A17A-5AA357E0913F
2026-01-15 20:13:28.889 -03:00 [INF] 下载壁纸资源 720p 完成 Soul-stirring F7AAC15A-D6A1-42EF-A17A-5AA357E0913F
2026-01-15 20:14:02.220 -03:00 [WRN] WallpaperCarousel: Wait for first frame timed out.
2026-01-15 20:19:10.238 -03:00 [WRN] WallpaperCarousel: Wait for first frame timed out.
2026-01-15 20:19:30.681 -03:00 [WRN] WallpaperCarousel: Wait for first frame timed out.
2026-01-15 20:22:09.914 -03:00 [WRN] WallpaperCarousel: Wait for first frame timed out.
2026-01-15 20:31:24.192 -03:00 [WRN] WallpaperCarousel: Wait for first frame timed out.
2026-01-15 20:43:33.162 -03:00 [WRN] WallpaperCarousel: Wait for first frame timed out.
2026-01-15 20:45:16.314 -03:00 [WRN] WallpaperCarousel: Wait for first frame timed out.
2026-01-15 21:29:26.313 -03:00 [WRN] WallpaperCarousel: Wait for first frame timed out.
2026-01-15 21:35:34.658 -03:00 [WRN] WallpaperCarousel: Wait for first frame timed out.
2026-01-15 21:42:41.794 -03:00 [WRN] WallpaperCarousel: Wait for first frame timed out.
2026-01-15 21:48:07.242 -03:00 [WRN] WallpaperCarousel: Wait for first frame timed out.
2026-01-15 21:48:19.171 -03:00 [WRN] WallpaperCarousel: Wait for first frame timed out.
2026-01-15 21:50:19.694 -03:00 [WRN] WallpaperCarousel: Wait for first frame timed out.
2026-01-15 22:01:46.664 -03:00 [WRN] WallpaperCarousel: Wait for first frame timed out.
2026-01-15 22:06:23.718 -03:00 [WRN] WallpaperCarousel: Wait for first frame timed out.
2026-01-15 22:16:38.305 -03:00 [WRN] WallpaperCarousel: Wait for first frame timed out.
2026-01-15 22:29:43.144 -03:00 [INF] Application exiting...
