2026-01-14 20:56:07.443 -03:00 [INF] ----------------- Logging Initialized -----------------
2026-01-14 20:56:07.500 -03:00 [INF] Global exception handlers registered.
2026-01-14 20:56:10.658 -03:00 [INF] Application startup sequence complete.
2026-01-14 20:56:13.156 -03:00 [INF] SetDllDirectory successfully set to: D:\SteamLibrary\steamapps\common\Live Wallpaper\FFmpeg
2026-01-14 20:56:13.253 -03:00 [INF] No command line arguments provided. Window will be shown by default.
2026-01-14 20:56:15.544 -03:00 [INF] 从本地数据初始化失败,尝试从在线数据初始化. 超时时间:40000
2026-01-14 20:56:16.879 -03:00 [INF] 下载壁纸资源 720p 开始 Quarto Subaquático fb33524b-f407-4ba1-923b-816fea968056
2026-01-14 20:56:16.885 -03:00 [INF] 下载壁纸资源 720p 完成 Quarto Subaquático fb33524b-f407-4ba1-923b-816fea968056
2026-01-14 20:56:16.885 -03:00 [INF] 下载壁纸资源 720p 开始 Estilo Escolar Rosa 5b450dfb-c925-4e89-a534-87d5f2857132
2026-01-14 20:56:16.887 -03:00 [INF] 下载壁纸资源 720p 完成 Estilo Escolar Rosa 5b450dfb-c925-4e89-a534-87d5f2857132
2026-01-14 20:56:16.887 -03:00 [INF] 下载壁纸资源 720p 开始 Cabana De Névoa Do Riacho Na Floresta b49621af-e1dd-4a49-9e82-d69335b0b1fe
2026-01-14 20:56:16.895 -03:00 [INF] 下载壁纸资源 720p 完成 Cabana De Névoa Do Riacho Na Floresta b49621af-e1dd-4a49-9e82-d69335b0b1fe
2026-01-14 20:56:16.895 -03:00 [INF] 下载壁纸资源 720p 开始 Loja De Conveniência À Beira-Mar 06c232ec-2870-4a64-9c11-f88e53161f25
2026-01-14 20:56:16.899 -03:00 [INF] 下载壁纸资源 720p 完成 Loja De Conveniência À Beira-Mar 06c232ec-2870-4a64-9c11-f88e53161f25
2026-01-14 20:56:16.900 -03:00 [INF] 下载壁纸资源 720p 开始 Fascinante F7AAC15A-D6A1-42EF-A17A-5AA357E0913F
2026-01-14 20:56:16.920 -03:00 [INF] 下载壁纸资源 720p 完成 Fascinante F7AAC15A-D6A1-42EF-A17A-5AA357E0913F
2026-01-14 20:56:39.616 -03:00 [INF] ApplyAsync 开始运行 source=ApplyWallpaperWithVipCheckAsync , lofi wallpaper video
2026-01-14 20:56:39.654 -03:00 [INF] 下载壁纸资源 1080P 开始 lofi wallpaper video 2733e1f0-94c6-4df7-9aa3-21123cfb4961
2026-01-14 20:56:39.657 -03:00 [INF] 下载壁纸资源 1080P 完成 lofi wallpaper video 2733e1f0-94c6-4df7-9aa3-21123cfb4961
2026-01-14 20:56:39.658 -03:00 [INF] ApplyAsync 壁纸已经下载完成. lofi wallpaper video
2026-01-14 20:56:39.719 -03:00 [INF] ApplyAsync ResumeWallpaper.
2026-01-14 20:58:56.186 -03:00 [INF] 下载壁纸资源 720p 开始 775121 7eeaf8a5-a423-4f50-b136-cc89b5e2f33c
2026-01-14 20:58:56.215 -03:00 [INF] 下载壁纸资源 720p 完成 775121 7eeaf8a5-a423-4f50-b136-cc89b5e2f33c
2026-01-14 20:58:58.765 -03:00 [INF] ApplyAsync 开始运行 source=ApplyWallpaperWithVipCheckAsync , 775121
2026-01-14 20:58:58.766 -03:00 [INF] 下载壁纸资源 1080P 开始 775121 7eeaf8a5-a423-4f50-b136-cc89b5e2f33c
2026-01-14 20:58:58.766 -03:00 [INF] 下载壁纸资源 1080P 完成 775121 7eeaf8a5-a423-4f50-b136-cc89b5e2f33c
2026-01-14 20:58:58.766 -03:00 [INF] ApplyAsync 壁纸已经下载完成. 775121
2026-01-14 20:59:19.941 -03:00 [INF] 下载壁纸资源 720p 开始 Vista Do Lago De Lótus 28ea5b75-54ff-4aba-ac46-fad5e2ba0ea5
2026-01-14 20:59:20.318 -03:00 [INF] 下载壁纸资源 720p 完成 Vista Do Lago De Lótus 28ea5b75-54ff-4aba-ac46-fad5e2ba0ea5
2026-01-14 20:59:21.837 -03:00 [INF] ApplyAsync 开始运行 source=ApplyWallpaperWithVipCheckAsync , Vista Do Lago De Lótus
2026-01-14 20:59:21.838 -03:00 [INF] 下载壁纸资源 1080P 开始 Vista Do Lago De Lótus 28ea5b75-54ff-4aba-ac46-fad5e2ba0ea5
2026-01-14 20:59:22.534 -03:00 [INF] 下载壁纸资源 1080P 完成 Vista Do Lago De Lótus 28ea5b75-54ff-4aba-ac46-fad5e2ba0ea5
2026-01-14 20:59:22.534 -03:00 [INF] ApplyAsync 壁纸已经下载完成. Vista Do Lago De Lótus
2026-01-14 20:59:32.565 -03:00 [INF] 下载壁纸资源 720p 开始 Gato Preto No Mato 1a1f4d0b-fef7-4405-ab5a-417a3cb254be
2026-01-14 20:59:32.664 -03:00 [INF] 下载壁纸资源 720p 完成 Gato Preto No Mato 1a1f4d0b-fef7-4405-ab5a-417a3cb254be
2026-01-14 20:59:41.596 -03:00 [INF] 下载壁纸资源 720p 开始 Estrela Roxa Lua 885f4919-a17c-43c2-bb41-86054c1c64cb
2026-01-14 20:59:41.717 -03:00 [INF] 下载壁纸资源 720p 完成 Estrela Roxa Lua 885f4919-a17c-43c2-bb41-86054c1c64cb
2026-01-14 20:59:45.212 -03:00 [INF] 下载壁纸资源 720p 开始 Sakura Neve 991462b8-c3ff-401f-994d-01e80ed9de02
2026-01-14 20:59:45.426 -03:00 [INF] 下载壁纸资源 720p 完成 Sakura Neve 991462b8-c3ff-401f-994d-01e80ed9de02
2026-01-14 20:59:49.303 -03:00 [INF] 下载壁纸资源 720p 开始 Olhos Requintados AACBAEEE-C644-404C-A578-B8E8FA415EF5
2026-01-14 20:59:49.829 -03:00 [INF] 下载壁纸资源 720p 完成 Olhos Requintados AACBAEEE-C644-404C-A578-B8E8FA415EF5
2026-01-14 21:00:05.509 -03:00 [INF] 下载壁纸资源 720p 开始 O Pôr do Sol Sobre o Mar 4a0fce52-7864-4bba-91cf-edfa1798fda0
2026-01-14 21:00:05.644 -03:00 [INF] 下载壁纸资源 720p 完成 O Pôr do Sol Sobre o Mar 4a0fce52-7864-4bba-91cf-edfa1798fda0
2026-01-14 21:00:18.604 -03:00 [INF] 下载壁纸资源 720p 开始 Campus De Outono 87f87d70-c849-4142-8b7f-3ca935767ca6
2026-01-14 21:00:18.957 -03:00 [INF] 下载壁纸资源 720p 完成 Campus De Outono 87f87d70-c849-4142-8b7f-3ca935767ca6
2026-01-14 21:00:20.835 -03:00 [INF] ApplyAsync 开始运行 source=ApplyWallpaperWithVipCheckAsync , Campus De Outono
2026-01-14 21:00:20.835 -03:00 [INF] 下载壁纸资源 1080P 开始 Campus De Outono 87f87d70-c849-4142-8b7f-3ca935767ca6
2026-01-14 21:00:21.101 -03:00 [INF] 下载壁纸资源 1080P 完成 Campus De Outono 87f87d70-c849-4142-8b7f-3ca935767ca6
2026-01-14 21:00:21.101 -03:00 [INF] ApplyAsync 壁纸已经下载完成. Campus De Outono
2026-01-14 21:00:33.989 -03:00 [INF] Application exiting...
